41a4 new, cmd=write, data=41a4 at time 0 s in top.initiator0
b780 new, cmd=read, data=0 at time 0 s in top.initiator1
80 Execute READ, data = ffffff80 in top.target3
44c new, cmd=read, data=0 at time 0 s in top.initiator2
4c Execute READ, data = ffffffb4 in top.target4
4c check, cmd=read, data=ffffffb4 at time 0 s in top.initiator2
d4b0 new, cmd=write, data=d4b0 at time 0 s in top.initiator3
b0 Execute WRITE, data = d4b0 in top.target2
b0 check, cmd=write, data=d4b0 at time 196 ps in top.initiator3
962c new, cmd=write, data=962c at time 243 ps in top.initiator3
7788 new, cmd=write, data=7788 at time 740 ps in top.initiator2
88 Execute WRITE, data = 7788 in top.target4
88 check, cmd=write, data=7788 at time 740 ps in top.initiator2
5130 new, cmd=read, data=0 at time 757 ps in top.initiator2
8168 new, cmd=read, data=0 at time 4356 ps in top.initiator3
68 Execute READ, data = ffffff98 in top.target4
68 check, cmd=read, data=ffffff98 at time 4356 ps in top.initiator3
80 check, cmd=read, data=ffffff80 at time 5596 ps in top.initiator1
c398 new, cmd=read, data=0 at time 5596 ps in top.initiator1
25b8 new, cmd=read, data=0 at time 6046 ps in top.initiator2
30 Execute READ, data = ffffffd0 in top.target1
30 check, cmd=read, data=ffffffd0 at time 7222 ps in top.initiator2
6ae4 new, cmd=write, data=6ae4 at time 7622 ps in top.initiator0
2c Execute WRITE, data = 962c in top.target0
2c check, cmd=write, data=962c at time 10497 ps in top.initiator3
5080 new, cmd=read, data=0 at time 10502 ps in top.initiator1
49e8 new, cmd=write, data=49e8 at time 10602 ps in top.initiator0
e8 Execute WRITE, data = 49e8 in top.target3
98 Execute READ, data = ffffff68 in top.target0
98 check, cmd=read, data=ffffff68 at time 11721 ps in top.initiator1
e4 Execute WRITE, data = 6ae4 in top.target1
26e8 new, cmd=write, data=26e8 at time 11891 ps in top.initiator3
e8 Execute WRITE, data = 26e8 in top.target3
b8 Execute READ, data = ffffff48 in top.target2
b8 check, cmd=read, data=ffffff48 at time 13579 ps in top.initiator2
66b4 new, cmd=read, data=0 at time 13579 ps in top.initiator2
b4 Execute READ, data = ffffff4c in top.target2
b4 check, cmd=read, data=ffffff4c at time 13629 ps in top.initiator2
a4 Execute WRITE, data = 41a4 in top.target0
e8 check, cmd=write, data=49e8 at time 16344 ps in top.initiator0
c338 new, cmd=read, data=0 at time 16344 ps in top.initiator0
e8 check, cmd=write, data=26e8 at time 16344 ps in top.initiator3
e4 check, cmd=write, data=6ae4 at time 16344 ps in top.initiator0
a4 check, cmd=write, data=41a4 at time 16344 ps in top.initiator0
100c new, cmd=write, data=100c at time 19766 ps in top.initiator0
18a0 new, cmd=read, data=0 at time 19913 ps in top.initiator1
a0 Execute READ, data = ffffff60 in top.target4
a0 check, cmd=read, data=ffffff60 at time 19913 ps in top.initiator1
db4 new, cmd=write, data=db4 at time 20196 ps in top.initiator3
b4 Execute WRITE, data = db4 in top.target3
38 Execute READ, data = ffffffc8 in top.target0
38 check, cmd=read, data=ffffffc8 at time 21617 ps in top.initiator0
710c new, cmd=read, data=0 at time 22152 ps in top.initiator2
c Execute READ, data = fffffff4 in top.target3
b4 check, cmd=write, data=db4 at time 24842 ps in top.initiator3
c check, cmd=read, data=fffffff4 at time 24842 ps in top.initiator2
4a78 new, cmd=read, data=0 at time 24842 ps in top.initiator2
78 Execute READ, data = ffffff88 in top.target4
78 check, cmd=read, data=ffffff88 at time 24842 ps in top.initiator2
e8f4 new, cmd=write, data=e8f4 at time 24844 ps in top.initiator2
80 Execute READ, data = ffffff80 in top.target0
80 check, cmd=read, data=ffffff80 at time 25958 ps in top.initiator1
5c88 new, cmd=write, data=5c88 at time 28218 ps in top.initiator1
3250 new, cmd=write, data=3250 at time 28892 ps in top.initiator0
9994 new, cmd=write, data=9994 at time 29607 ps in top.initiator3
94 Execute WRITE, data = 9994 in top.target3
778c new, cmd=read, data=0 at time 31040 ps in top.initiator0
8c Execute READ, data = ffffff74 in top.target4
8c check, cmd=read, data=ffffff74 at time 31040 ps in top.initiator0
50 Execute WRITE, data = 3250 in top.target0
1aa0 new, cmd=read, data=0 at time 31161 ps in top.initiator0
bf4 new, cmd=read, data=0 at time 31337 ps in top.initiator0
a0 Execute READ, data = ffffff60 in top.target1
50 check, cmd=write, data=3250 at time 32080 ps in top.initiator0
a0 check, cmd=read, data=ffffff60 at time 32080 ps in top.initiator0
c Execute WRITE, data = 100c in top.target1
94 check, cmd=write, data=9994 at time 33341 ps in top.initiator3
c check, cmd=write, data=100c at time 33931 ps in top.initiator0
f4 Execute READ, data = ffffff0c in top.target1
f4 Execute WRITE, data = e8f4 in top.target2
6de4 new, cmd=read, data=0 at time 39018 ps in top.initiator3
e4 Execute READ, data = ffffff1c in top.target4
e4 check, cmd=read, data=ffffff1c at time 39018 ps in top.initiator3
3508 new, cmd=write, data=3508 at time 39642 ps in top.initiator0
8 Execute WRITE, data = 3508 in top.target3
88 Execute WRITE, data = 5c88 in top.target2
4250 new, cmd=read, data=0 at time 40056 ps in top.initiator3
8 check, cmd=write, data=3508 at time 43967 ps in top.initiator0
2980 new, cmd=write, data=2980 at time 43967 ps in top.initiator0
f4 check, cmd=read, data=ffffff0c at time 43967 ps in top.initiator0
a7b4 new, cmd=read, data=0 at time 47603 ps in top.initiator3
50 Execute READ, data = ffffffb0 in top.target1
50 check, cmd=read, data=ffffffb0 at time 48454 ps in top.initiator3
94e8 new, cmd=write, data=94e8 at time 54770 ps in top.initiator0
e8 Execute WRITE, data = 94e8 in top.target3
80 Execute WRITE, data = 2980 in top.target1
e8 check, cmd=write, data=94e8 at time 62664 ps in top.initiator0
4e30 new, cmd=write, data=4e30 at time 62664 ps in top.initiator0
30 Execute WRITE, data = 4e30 in top.target3
80 check, cmd=write, data=2980 at time 62664 ps in top.initiator0
30 check, cmd=write, data=4e30 at time 65060 ps in top.initiator0
8be8 new, cmd=write, data=8be8 at time 65060 ps in top.initiator0
e8 Execute WRITE, data = 8be8 in top.target4
e8 check, cmd=write, data=8be8 at time 76777 ps in top.initiator0
6c2c new, cmd=write, data=6c2c at time 76777 ps in top.initiator0
2c Execute WRITE, data = 6c2c in top.target3
2c check, cmd=write, data=6c2c at time 78830 ps in top.initiator0
3e48 new, cmd=read, data=0 at time 78830 ps in top.initiator0
